{"/Users/alain/projects/challenge/daily-trends/backend/src/infrastructure/database/index.ts": {"path":"/Users/alain/projects/challenge/daily-trends/backend/src/infrastructure/database/index.ts","statementMap":{"0":{"start":{"line":1,"column":0},"end":{"line":1,"column":46}},"1":{"start":{"line":2,"column":0},"end":{"line":2,"column":39}},"2":{"start":{"line":3,"column":0},"end":{"line":3,"column":39}},"3":{"start":{"line":9,"column":8},"end":{"line":9,"column":77}},"4":{"start":{"line":9,"column":30},"end":{"line":9,"column":77}},"5":{"start":{"line":10,"column":8},"end":{"line":10,"column":31}},"6":{"start":{"line":14,"column":21},"end":{"line":14,"column":65}},"7":{"start":{"line":15,"column":8},"end":{"line":15,"column":44}},"8":{"start":{"line":16,"column":8},"end":{"line":16,"column":20}},"9":{"start":{"line":20,"column":0},"end":{"line":20,"column":38}}},"fnMap":{"0":{"name":"(anonymous_8)","decl":{"start":{"line":8,"column":10},"end":{"line":8,"column":21}},"loc":{"start":{"line":8,"column":21},"end":{"line":11,"column":null}}},"1":{"name":"(anonymous_10)","decl":{"start":{"line":13,"column":10},"end":{"line":13,"column":25}},"loc":{"start":{"line":13,"column":25},"end":{"line":17,"column":null}}}},"branchMap":{"0":{"loc":{"start":{"line":9,"column":8},"end":{"line":9,"column":77}},"type":"if","locations":[{"start":{"line":9,"column":8},"end":{"line":9,"column":77}}]}},"s":{"0":1,"1":1,"2":1,"3":3,"4":1,"5":3,"6":1,"7":1,"8":1,"9":1},"f":{"0":3,"1":1},"b":{"0":[1]}}
,"/Users/alain/projects/challenge/daily-trends/backend/src/infrastructure/database/models/feed.model.ts": {"path":"/Users/alain/projects/challenge/daily-trends/backend/src/infrastructure/database/models/feed.model.ts","statementMap":{"0":{"start":{"line":1,"column":0},"end":{"line":1,"column":48}},"1":{"start":{"line":15,"column":27},"end":{"line":23,"column":2}},"2":{"start":{"line":25,"column":0},"end":{"line":25,"column":49}}},"fnMap":{},"branchMap":{},"s":{"0":1,"1":1,"2":1},"f":{},"b":{}}
,"/Users/alain/projects/challenge/daily-trends/backend/src/infrastructure/di/feed.composer.ts": {"path":"/Users/alain/projects/challenge/daily-trends/backend/src/infrastructure/di/feed.composer.ts","statementMap":{"0":{"start":{"line":1,"column":0},"end":{"line":1,"column":83}},"1":{"start":{"line":2,"column":0},"end":{"line":2,"column":54}},"2":{"start":{"line":3,"column":0},"end":{"line":3,"column":65}},"3":{"start":{"line":4,"column":0},"end":{"line":4,"column":52}},"4":{"start":{"line":7,"column":21},"end":{"line":7,"column":79}},"5":{"start":{"line":8,"column":21},"end":{"line":8,"column":69}},"6":{"start":{"line":9,"column":21},"end":{"line":12,"column":6}},"7":{"start":{"line":13,"column":11},"end":{"line":13,"column":73}},"8":{"start":{"line":6,"column":0},"end":{"line":6,"column":21}}},"fnMap":{"0":{"name":"(anonymous_1)","decl":{"start":{"line":6,"column":0},"end":{"line":6,"column":21}},"loc":{"start":{"line":6,"column":0},"end":{"line":14,"column":1}}}},"branchMap":{},"s":{"0":1,"1":1,"2":1,"3":1,"4":1,"5":1,"6":1,"7":1,"8":1},"f":{"0":1},"b":{}}
,"/Users/alain/projects/challenge/daily-trends/backend/src/infrastructure/di/health.composer.ts": {"path":"/Users/alain/projects/challenge/daily-trends/backend/src/infrastructure/di/health.composer.ts","statementMap":{"0":{"start":{"line":1,"column":0},"end":{"line":1,"column":92}},"1":{"start":{"line":2,"column":0},"end":{"line":2,"column":64}},"2":{"start":{"line":5,"column":20},"end":{"line":7,"column":6}},"3":{"start":{"line":4,"column":0},"end":{"line":4,"column":21}}},"fnMap":{"0":{"name":"(anonymous_1)","decl":{"start":{"line":4,"column":0},"end":{"line":4,"column":21}},"loc":{"start":{"line":4,"column":0},"end":{"line":8,"column":1}}}},"branchMap":{},"s":{"0":1,"1":1,"2":1,"3":1},"f":{"0":1},"b":{}}
,"/Users/alain/projects/challenge/daily-trends/backend/src/infrastructure/helpers/config.ts": {"path":"/Users/alain/projects/challenge/daily-trends/backend/src/infrastructure/helpers/config.ts","statementMap":{"0":{"start":{"line":1,"column":0},"end":{"line":1,"column":28}},"1":{"start":{"line":3,"column":0},"end":{"line":3,"column":16}},"2":{"start":{"line":5,"column":0},"end":{"line":9,"column":2}}},"fnMap":{},"branchMap":{"0":{"loc":{"start":{"line":6,"column":17},"end":{"line":6,"column":48}},"type":"cond-expr","locations":[{"start":{"line":6,"column":40},"end":{"line":6,"column":44}},{"start":{"line":6,"column":44},"end":{"line":6,"column":48}}]},"1":{"loc":{"start":{"line":6,"column":17},"end":{"line":6,"column":44}},"type":"binary-expr","locations":[{"start":{"line":6,"column":17},"end":{"line":6,"column":44}},{"start":{"line":6,"column":40},"end":{"line":6,"column":44}}]}},"s":{"0":1,"1":1,"2":1},"f":{},"b":{"0":[1,0],"1":[1,1]}}
,"/Users/alain/projects/challenge/daily-trends/backend/src/infrastructure/repositories/feed.repository.ts": {"path":"/Users/alain/projects/challenge/daily-trends/backend/src/infrastructure/repositories/feed.repository.ts","statementMap":{"0":{"start":{"line":2,"column":0},"end":{"line":2,"column":54}},"1":{"start":{"line":7,"column":24},"end":{"line":7,"column":43}},"2":{"start":{"line":8,"column":8},"end":{"line":8,"column":30}},"3":{"start":{"line":12,"column":8},"end":{"line":12,"column":72}},"4":{"start":{"line":16,"column":8},"end":{"line":16,"column":39}},"5":{"start":{"line":20,"column":8},"end":{"line":20,"column":52}},"6":{"start":{"line":27,"column":8},"end":{"line":27,"column":58}},"7":{"start":{"line":31,"column":8},"end":{"line":33,"column":11}},"8":{"start":{"line":5,"column":0},"end":{"line":5,"column":21}}},"fnMap":{"0":{"name":"(anonymous_8)","decl":{"start":{"line":6,"column":10},"end":{"line":6,"column":16}},"loc":{"start":{"line":6,"column":27},"end":{"line":9,"column":null}}},"1":{"name":"(anonymous_10)","decl":{"start":{"line":11,"column":10},"end":{"line":11,"column":16}},"loc":{"start":{"line":11,"column":40},"end":{"line":13,"column":null}}},"2":{"name":"(anonymous_12)","decl":{"start":{"line":15,"column":10},"end":{"line":15,"column":17}},"loc":{"start":{"line":15,"column":29},"end":{"line":17,"column":null}}},"3":{"name":"(anonymous_14)","decl":{"start":{"line":19,"column":10},"end":{"line":19,"column":16}},"loc":{"start":{"line":19,"column":28},"end":{"line":21,"column":null}}},"4":{"name":"(anonymous_16)","decl":{"start":{"line":23,"column":10},"end":{"line":23,"column":20}},"loc":{"start":{"line":25,"column":22},"end":{"line":28,"column":null}}},"5":{"name":"(anonymous_18)","decl":{"start":{"line":30,"column":10},"end":{"line":30,"column":28}},"loc":{"start":{"line":30,"column":57},"end":{"line":34,"column":null}}}},"branchMap":{},"s":{"0":1,"1":1,"2":1,"3":1,"4":1,"5":1,"6":1,"7":1,"8":1},"f":{"0":1,"1":1,"2":1,"3":1,"4":1,"5":1},"b":{}}
,"/Users/alain/projects/challenge/daily-trends/backend/src/presentation/rest/adapters/feed/feed.controllers.ts": {"path":"/Users/alain/projects/challenge/daily-trends/backend/src/presentation/rest/adapters/feed/feed.controllers.ts","statementMap":{"0":{"start":{"line":3,"column":0},"end":{"line":3,"column":79}},"1":{"start":{"line":7,"column":33},"end":{"line":7,"column":57}},"2":{"start":{"line":8,"column":8},"end":{"line":8,"column":39}},"3":{"start":{"line":12,"column":27},"end":{"line":12,"column":43}},"4":{"start":{"line":13,"column":23},"end":{"line":13,"column":58}},"5":{"start":{"line":14,"column":8},"end":{"line":14,"column":37}},"6":{"start":{"line":18,"column":27},"end":{"line":18,"column":43}},"7":{"start":{"line":19,"column":27},"end":{"line":19,"column":50}},"8":{"start":{"line":20,"column":23},"end":{"line":20,"column":62}},"9":{"start":{"line":21,"column":8},"end":{"line":21,"column":37}},"10":{"start":{"line":25,"column":27},"end":{"line":25,"column":50}},"11":{"start":{"line":26,"column":23},"end":{"line":26,"column":56}},"12":{"start":{"line":27,"column":8},"end":{"line":27,"column":37}},"13":{"start":{"line":31,"column":27},"end":{"line":31,"column":50}},"14":{"start":{"line":32,"column":23},"end":{"line":32,"column":57}},"15":{"start":{"line":33,"column":8},"end":{"line":33,"column":37}},"16":{"start":{"line":37,"column":25},"end":{"line":37,"column":63}},"17":{"start":{"line":38,"column":23},"end":{"line":38,"column":59}},"18":{"start":{"line":40,"column":23},"end":{"line":40,"column":74}},"19":{"start":{"line":41,"column":8},"end":{"line":41,"column":37}},"20":{"start":{"line":6,"column":0},"end":{"line":6,"column":21}}},"fnMap":{"0":{"name":"(anonymous_7)","decl":{"start":{"line":7,"column":4},"end":{"line":7,"column":33}},"loc":{"start":{"line":7,"column":57},"end":{"line":9,"column":5}}},"1":{"name":"(anonymous_8)","decl":{"start":{"line":11,"column":10},"end":{"line":11,"column":20}},"loc":{"start":{"line":11,"column":48},"end":{"line":15,"column":null}}},"2":{"name":"(anonymous_10)","decl":{"start":{"line":17,"column":10},"end":{"line":17,"column":20}},"loc":{"start":{"line":17,"column":48},"end":{"line":22,"column":null}}},"3":{"name":"(anonymous_12)","decl":{"start":{"line":24,"column":10},"end":{"line":24,"column":20}},"loc":{"start":{"line":24,"column":48},"end":{"line":28,"column":null}}},"4":{"name":"(anonymous_14)","decl":{"start":{"line":30,"column":10},"end":{"line":30,"column":26}},"loc":{"start":{"line":30,"column":54},"end":{"line":34,"column":null}}},"5":{"name":"(anonymous_16)","decl":{"start":{"line":36,"column":10},"end":{"line":36,"column":29}},"loc":{"start":{"line":36,"column":57},"end":{"line":42,"column":null}}}},"branchMap":{},"s":{"0":1,"1":5,"2":5,"3":1,"4":1,"5":1,"6":1,"7":1,"8":1,"9":1,"10":1,"11":1,"12":1,"13":1,"14":1,"15":1,"16":1,"17":1,"18":1,"19":1,"20":1},"f":{"0":5,"1":1,"2":1,"3":1,"4":1,"5":1},"b":{}}
,"/Users/alain/projects/challenge/daily-trends/backend/src/presentation/rest/adapters/feed/feed.routes.ts": {"path":"/Users/alain/projects/challenge/daily-trends/backend/src/presentation/rest/adapters/feed/feed.routes.ts","statementMap":{"0":{"start":{"line":1,"column":0},"end":{"line":1,"column":52}},"1":{"start":{"line":4,"column":0},"end":{"line":4,"column":null}},"2":{"start":{"line":9,"column":0},"end":{"line":9,"column":69}},"3":{"start":{"line":13,"column":33},"end":{"line":13,"column":63}},"4":{"start":{"line":12,"column":11},"end":{"line":12,"column":29}},"5":{"start":{"line":14,"column":8},"end":{"line":14,"column":45}},"6":{"start":{"line":15,"column":8},"end":{"line":15,"column":26}},"7":{"start":{"line":26,"column":8},"end":{"line":31,"column":10}},"8":{"start":{"line":30,"column":16},"end":{"line":30,"column":62}},"9":{"start":{"line":33,"column":8},"end":{"line":38,"column":10}},"10":{"start":{"line":37,"column":16},"end":{"line":37,"column":56}},"11":{"start":{"line":40,"column":8},"end":{"line":45,"column":10}},"12":{"start":{"line":44,"column":16},"end":{"line":44,"column":56}},"13":{"start":{"line":47,"column":8},"end":{"line":52,"column":10}},"14":{"start":{"line":51,"column":16},"end":{"line":51,"column":56}},"15":{"start":{"line":11,"column":0},"end":{"line":11,"column":21}}},"fnMap":{"0":{"name":"(anonymous_0)","decl":{"start":{"line":13,"column":4},"end":{"line":13,"column":33}},"loc":{"start":{"line":13,"column":63},"end":{"line":16,"column":5}}},"1":{"name":"(anonymous_1)","decl":{"start":{"line":18,"column":11},"end":{"line":18,"column":21}},"loc":{"start":{"line":18,"column":21},"end":{"line":53,"column":5}}},"2":{"name":"(anonymous_2)","decl":{"start":{"line":29,"column":12},"end":{"line":29,"column":13}},"loc":{"start":{"line":30,"column":16},"end":{"line":30,"column":62}}},"3":{"name":"(anonymous_3)","decl":{"start":{"line":36,"column":12},"end":{"line":36,"column":13}},"loc":{"start":{"line":37,"column":16},"end":{"line":37,"column":56}}},"4":{"name":"(anonymous_4)","decl":{"start":{"line":43,"column":12},"end":{"line":43,"column":13}},"loc":{"start":{"line":44,"column":16},"end":{"line":44,"column":56}}},"5":{"name":"(anonymous_5)","decl":{"start":{"line":50,"column":12},"end":{"line":50,"column":13}},"loc":{"start":{"line":51,"column":16},"end":{"line":51,"column":56}}}},"branchMap":{},"s":{"0":1,"1":1,"2":1,"3":4,"4":4,"5":4,"6":4,"7":4,"8":1,"9":4,"10":1,"11":4,"12":1,"13":4,"14":1,"15":1},"f":{"0":4,"1":4,"2":1,"3":1,"4":1,"5":1},"b":{}}
,"/Users/alain/projects/challenge/daily-trends/backend/src/presentation/rest/adapters/feed/feed.schema.ts": {"path":"/Users/alain/projects/challenge/daily-trends/backend/src/presentation/rest/adapters/feed/feed.schema.ts","statementMap":{"0":{"start":{"line":1,"column":0},"end":{"line":1,"column":32}},"1":{"start":{"line":3,"column":13},"end":{"line":10,"column":2}},"2":{"start":{"line":12,"column":13},"end":{"line":14,"column":3}},"3":{"start":{"line":16,"column":13},"end":{"line":18,"column":3}},"4":{"start":{"line":20,"column":13},"end":{"line":23,"column":3}},"5":{"start":{"line":25,"column":13},"end":{"line":27,"column":3}}},"fnMap":{},"branchMap":{},"s":{"0":1,"1":1,"2":1,"3":1,"4":1,"5":1},"f":{},"b":{}}
,"/Users/alain/projects/challenge/daily-trends/backend/src/presentation/rest/adapters/health/health.controllers.ts": {"path":"/Users/alain/projects/challenge/daily-trends/backend/src/presentation/rest/adapters/health/health.controllers.ts","statementMap":{"0":{"start":{"line":3,"column":0},"end":{"line":3,"column":79}},"1":{"start":{"line":6,"column":33},"end":{"line":6,"column":67}},"2":{"start":{"line":7,"column":8},"end":{"line":7,"column":49}},"3":{"start":{"line":11,"column":23},"end":{"line":11,"column":60}},"4":{"start":{"line":12,"column":8},"end":{"line":12,"column":37}},"5":{"start":{"line":5,"column":0},"end":{"line":5,"column":21}}},"fnMap":{"0":{"name":"(anonymous_7)","decl":{"start":{"line":6,"column":4},"end":{"line":6,"column":33}},"loc":{"start":{"line":6,"column":67},"end":{"line":8,"column":5}}},"1":{"name":"(anonymous_8)","decl":{"start":{"line":10,"column":10},"end":{"line":10,"column":19}},"loc":{"start":{"line":10,"column":48},"end":{"line":13,"column":null}}}},"branchMap":{},"s":{"0":1,"1":1,"2":1,"3":1,"4":1,"5":1},"f":{"0":1,"1":1},"b":{}}
,"/Users/alain/projects/challenge/daily-trends/backend/src/presentation/rest/adapters/health/health.routes.ts": {"path":"/Users/alain/projects/challenge/daily-trends/backend/src/presentation/rest/adapters/health/health.routes.ts","statementMap":{"0":{"start":{"line":1,"column":0},"end":{"line":1,"column":33}},"1":{"start":{"line":7,"column":33},"end":{"line":7,"column":73}},"2":{"start":{"line":6,"column":11},"end":{"line":6,"column":29}},"3":{"start":{"line":8,"column":8},"end":{"line":8,"column":55}},"4":{"start":{"line":9,"column":8},"end":{"line":9,"column":26}},"5":{"start":{"line":13,"column":8},"end":{"line":15,"column":10}},"6":{"start":{"line":14,"column":12},"end":{"line":14,"column":56}},"7":{"start":{"line":5,"column":0},"end":{"line":5,"column":21}}},"fnMap":{"0":{"name":"(anonymous_0)","decl":{"start":{"line":7,"column":4},"end":{"line":7,"column":33}},"loc":{"start":{"line":7,"column":73},"end":{"line":10,"column":5}}},"1":{"name":"(anonymous_1)","decl":{"start":{"line":12,"column":11},"end":{"line":12,"column":21}},"loc":{"start":{"line":12,"column":21},"end":{"line":16,"column":5}}},"2":{"name":"(anonymous_2)","decl":{"start":{"line":13,"column":35},"end":{"line":13,"column":36}},"loc":{"start":{"line":14,"column":12},"end":{"line":14,"column":56}}}},"branchMap":{},"s":{"0":1,"1":1,"2":1,"3":1,"4":1,"5":1,"6":1,"7":1},"f":{"0":1,"1":1,"2":1},"b":{}}
,"/Users/alain/projects/challenge/daily-trends/backend/src/presentation/rest/helpers/http-error.ts": {"path":"/Users/alain/projects/challenge/daily-trends/backend/src/presentation/rest/helpers/http-error.ts","statementMap":{"0":{"start":{"line":1,"column":0},"end":{"line":1,"column":22}},"1":{"start":{"line":7,"column":4},"end":{"line":7,"column":17}},"2":{"start":{"line":8,"column":4},"end":{"line":8,"column":30}},"3":{"start":{"line":6,"column":0},"end":{"line":6,"column":13}},"4":{"start":{"line":12,"column":4},"end":{"line":12,"column":17}},"5":{"start":{"line":13,"column":4},"end":{"line":13,"column":28}},"6":{"start":{"line":11,"column":0},"end":{"line":11,"column":13}},"7":{"start":{"line":17,"column":4},"end":{"line":17,"column":17}},"8":{"start":{"line":18,"column":4},"end":{"line":18,"column":39}},"9":{"start":{"line":16,"column":0},"end":{"line":16,"column":13}},"10":{"start":{"line":22,"column":4},"end":{"line":22,"column":17}},"11":{"start":{"line":23,"column":4},"end":{"line":23,"column":33}},"12":{"start":{"line":21,"column":0},"end":{"line":21,"column":13}}},"fnMap":{"0":{"name":"(anonymous_0)","decl":{"start":{"line":6,"column":0},"end":{"line":6,"column":13}},"loc":{"start":{"line":6,"column":0},"end":{"line":9,"column":1}}},"1":{"name":"(anonymous_1)","decl":{"start":{"line":11,"column":0},"end":{"line":11,"column":13}},"loc":{"start":{"line":11,"column":0},"end":{"line":14,"column":1}}},"2":{"name":"(anonymous_2)","decl":{"start":{"line":16,"column":0},"end":{"line":16,"column":13}},"loc":{"start":{"line":16,"column":0},"end":{"line":19,"column":1}}},"3":{"name":"(anonymous_3)","decl":{"start":{"line":21,"column":0},"end":{"line":21,"column":13}},"loc":{"start":{"line":21,"column":0},"end":{"line":24,"column":1}}}},"branchMap":{},"s":{"0":1,"1":1,"2":1,"3":1,"4":1,"5":1,"6":1,"7":1,"8":1,"9":1,"10":1,"11":1,"12":1},"f":{"0":1,"1":1,"2":1,"3":1},"b":{}}
,"/Users/alain/projects/challenge/daily-trends/backend/src/presentation/rest/helpers/http-response.ts": {"path":"/Users/alain/projects/challenge/daily-trends/backend/src/presentation/rest/helpers/http-response.ts","statementMap":{"0":{"start":{"line":3,"column":31},"end":{"line":6,"column":1}},"1":{"start":{"line":4,"column":19},"end":{"line":4,"column":22}},"2":{"start":{"line":5,"column":4},"end":{"line":5,"column":40}},"3":{"start":{"line":3,"column":13},"end":{"line":3,"column":31}}},"fnMap":{"0":{"name":"(anonymous_0)","decl":{"start":{"line":3,"column":31},"end":{"line":3,"column":35}},"loc":{"start":{"line":3,"column":61},"end":{"line":6,"column":1}}}},"branchMap":{},"s":{"0":1,"1":1,"2":1,"3":1},"f":{"0":1},"b":{}}
,"/Users/alain/projects/challenge/daily-trends/backend/src/presentation/rest/middlewares/validate.middleware.ts": {"path":"/Users/alain/projects/challenge/daily-trends/backend/src/presentation/rest/middlewares/validate.middleware.ts","statementMap":{"0":{"start":{"line":2,"column":0},"end":{"line":2,"column":59}},"1":{"start":{"line":4,"column":30},"end":{"line":17,"column":1}},"2":{"start":{"line":10,"column":19},"end":{"line":10,"column":40}},"3":{"start":{"line":12,"column":4},"end":{"line":16,"column":5}},"4":{"start":{"line":13,"column":8},"end":{"line":13,"column":72}},"5":{"start":{"line":15,"column":8},"end":{"line":15,"column":15}},"6":{"start":{"line":4,"column":13},"end":{"line":4,"column":30}},"7":{"start":{"line":19,"column":29},"end":{"line":23,"column":1}},"8":{"start":{"line":20,"column":4},"end":{"line":22,"column":6}},"9":{"start":{"line":21,"column":8},"end":{"line":21,"column":52}},"10":{"start":{"line":19,"column":13},"end":{"line":19,"column":29}},"11":{"start":{"line":25,"column":30},"end":{"line":29,"column":1}},"12":{"start":{"line":26,"column":4},"end":{"line":28,"column":6}},"13":{"start":{"line":27,"column":8},"end":{"line":27,"column":53}},"14":{"start":{"line":25,"column":13},"end":{"line":25,"column":30}},"15":{"start":{"line":31,"column":31},"end":{"line":35,"column":1}},"16":{"start":{"line":32,"column":4},"end":{"line":34,"column":6}},"17":{"start":{"line":33,"column":8},"end":{"line":33,"column":54}},"18":{"start":{"line":31,"column":13},"end":{"line":31,"column":31}}},"fnMap":{"0":{"name":"(anonymous_0)","decl":{"start":{"line":4,"column":30},"end":{"line":4,"column":null}},"loc":{"start":{"line":9,"column":4},"end":{"line":17,"column":1}}},"1":{"name":"(anonymous_1)","decl":{"start":{"line":19,"column":29},"end":{"line":19,"column":30}},"loc":{"start":{"line":19,"column":45},"end":{"line":23,"column":1}}},"2":{"name":"(anonymous_2)","decl":{"start":{"line":20,"column":11},"end":{"line":20,"column":12}},"loc":{"start":{"line":20,"column":63},"end":{"line":22,"column":5}}},"3":{"name":"(anonymous_3)","decl":{"start":{"line":25,"column":30},"end":{"line":25,"column":31}},"loc":{"start":{"line":25,"column":46},"end":{"line":29,"column":1}}},"4":{"name":"(anonymous_4)","decl":{"start":{"line":26,"column":11},"end":{"line":26,"column":12}},"loc":{"start":{"line":26,"column":63},"end":{"line":28,"column":5}}},"5":{"name":"(anonymous_5)","decl":{"start":{"line":31,"column":31},"end":{"line":31,"column":32}},"loc":{"start":{"line":31,"column":47},"end":{"line":35,"column":1}}},"6":{"name":"(anonymous_6)","decl":{"start":{"line":32,"column":11},"end":{"line":32,"column":12}},"loc":{"start":{"line":32,"column":63},"end":{"line":34,"column":5}}}},"branchMap":{"0":{"loc":{"start":{"line":12,"column":4},"end":{"line":16,"column":5}},"type":"if","locations":[{"start":{"line":12,"column":4},"end":{"line":16,"column":5}},{"start":{"line":14,"column":11},"end":{"line":16,"column":5}}]},"1":{"loc":{"start":{"line":13,"column":37},"end":{"line":13,"column":70}},"type":"cond-expr","locations":[{"start":{"line":13,"column":57},"end":{"line":13,"column":60}},{"start":{"line":13,"column":57},"end":{"line":13,"column":70}}]},"2":{"loc":{"start":{"line":13,"column":37},"end":{"line":13,"column":60}},"type":"binary-expr","locations":[{"start":{"line":13,"column":37},"end":{"line":13,"column":60}},{"start":{"line":13,"column":57},"end":{"line":13,"column":60}}]}},"s":{"0":1,"1":1,"2":2,"3":2,"4":1,"5":1,"6":1,"7":1,"8":1,"9":1,"10":1,"11":1,"12":1,"13":1,"14":1,"15":1,"16":1,"17":1,"18":1},"f":{"0":2,"1":1,"2":1,"3":1,"4":1,"5":1,"6":1},"b":{"0":[1,1],"1":[0,1],"2":[1,1]}}
,"/Users/alain/projects/challenge/daily-trends/backend/src/use-case/feed.use-case.ts": {"path":"/Users/alain/projects/challenge/daily-trends/backend/src/use-case/feed.use-case.ts","statementMap":{"0":{"start":{"line":8,"column":25},"end":{"line":8,"column":55}},"1":{"start":{"line":9,"column":25},"end":{"line":9,"column":52}},"2":{"start":{"line":13,"column":22},"end":{"line":15,"column":null}},"3":{"start":{"line":18,"column":8},"end":{"line":22,"column":9}},"4":{"start":{"line":19,"column":12},"end":{"line":21,"column":14}},"5":{"start":{"line":23,"column":8},"end":{"line":23,"column":48}},"6":{"start":{"line":27,"column":22},"end":{"line":27,"column":60}},"7":{"start":{"line":28,"column":8},"end":{"line":29,"column":77}},"8":{"start":{"line":29,"column":12},"end":{"line":29,"column":77}},"9":{"start":{"line":31,"column":24},"end":{"line":31,"column":67}},"10":{"start":{"line":33,"column":8},"end":{"line":36,"column":14}},"11":{"start":{"line":34,"column":12},"end":{"line":36,"column":14}},"12":{"start":{"line":38,"column":8},"end":{"line":38,"column":23}},"13":{"start":{"line":42,"column":22},"end":{"line":42,"column":60}},"14":{"start":{"line":43,"column":8},"end":{"line":44,"column":77}},"15":{"start":{"line":44,"column":12},"end":{"line":44,"column":77}},"16":{"start":{"line":46,"column":24},"end":{"line":46,"column":61}},"17":{"start":{"line":47,"column":8},"end":{"line":50,"column":14}},"18":{"start":{"line":48,"column":12},"end":{"line":50,"column":14}},"19":{"start":{"line":52,"column":8},"end":{"line":52,"column":23}},"20":{"start":{"line":56,"column":8},"end":{"line":56,"column":48}},"21":{"start":{"line":60,"column":8},"end":{"line":60,"column":72}},"22":{"start":{"line":6,"column":0},"end":{"line":6,"column":21}}},"fnMap":{"0":{"name":"(anonymous_7)","decl":{"start":{"line":7,"column":4},"end":{"line":7,"column":null}},"loc":{"start":{"line":9,"column":52},"end":{"line":10,"column":8}}},"1":{"name":"(anonymous_8)","decl":{"start":{"line":12,"column":10},"end":{"line":12,"column":16}},"loc":{"start":{"line":12,"column":27},"end":{"line":24,"column":null}}},"2":{"name":"(anonymous_10)","decl":{"start":{"line":26,"column":10},"end":{"line":26,"column":16}},"loc":{"start":{"line":26,"column":40},"end":{"line":39,"column":null}}},"3":{"name":"(anonymous_12)","decl":{"start":{"line":41,"column":10},"end":{"line":41,"column":16}},"loc":{"start":{"line":41,"column":28},"end":{"line":53,"column":null}}},"4":{"name":"(anonymous_14)","decl":{"start":{"line":55,"column":10},"end":{"line":55,"column":17}},"loc":{"start":{"line":55,"column":29},"end":{"line":57,"column":null}}},"5":{"name":"(anonymous_16)","decl":{"start":{"line":59,"column":10},"end":{"line":59,"column":20}},"loc":{"start":{"line":59,"column":49},"end":{"line":61,"column":null}}}},"branchMap":{"0":{"loc":{"start":{"line":18,"column":8},"end":{"line":22,"column":9}},"type":"if","locations":[{"start":{"line":18,"column":8},"end":{"line":22,"column":9}}]},"1":{"loc":{"start":{"line":28,"column":8},"end":{"line":29,"column":77}},"type":"if","locations":[{"start":{"line":28,"column":8},"end":{"line":29,"column":77}}]},"2":{"loc":{"start":{"line":33,"column":8},"end":{"line":36,"column":14}},"type":"if","locations":[{"start":{"line":33,"column":8},"end":{"line":36,"column":14}}]},"3":{"loc":{"start":{"line":43,"column":8},"end":{"line":44,"column":77}},"type":"if","locations":[{"start":{"line":43,"column":8},"end":{"line":44,"column":77}}]},"4":{"loc":{"start":{"line":47,"column":8},"end":{"line":50,"column":14}},"type":"if","locations":[{"start":{"line":47,"column":8},"end":{"line":50,"column":14}}]}},"s":{"0":10,"1":10,"2":2,"3":2,"4":1,"5":1,"6":3,"7":3,"8":1,"9":2,"10":2,"11":1,"12":1,"13":3,"14":3,"15":1,"16":2,"17":2,"18":1,"19":1,"20":1,"21":1,"22":1},"f":{"0":10,"1":2,"2":3,"3":3,"4":1,"5":1},"b":{"0":[1],"1":[1],"2":[1],"3":[1],"4":[1]}}
,"/Users/alain/projects/challenge/daily-trends/backend/src/use-case/health.use-case.ts": {"path":"/Users/alain/projects/challenge/daily-trends/backend/src/use-case/health.use-case.ts","statementMap":{"0":{"start":{"line":4,"column":14},"end":{"line":4,"column":62}},"1":{"start":{"line":7,"column":31},"end":{"line":9,"column":10}},"2":{"start":{"line":10,"column":8},"end":{"line":10,"column":39}},"3":{"start":{"line":3,"column":0},"end":{"line":3,"column":21}}},"fnMap":{"0":{"name":"(anonymous_7)","decl":{"start":{"line":3,"column":0},"end":{"line":3,"column":21}},"loc":{"start":{"line":3,"column":0},"end":{"line":12,"column":1}}},"1":{"name":"(anonymous_8)","decl":{"start":{"line":6,"column":10},"end":{"line":6,"column":17}},"loc":{"start":{"line":6,"column":17},"end":{"line":11,"column":null}}}},"branchMap":{},"s":{"0":1,"1":1,"2":1,"3":2},"f":{"0":1,"1":1},"b":{}}
,"/Users/alain/projects/challenge/daily-trends/backend/tests/constants.ts": {"path":"/Users/alain/projects/challenge/daily-trends/backend/tests/constants.ts","statementMap":{"0":{"start":{"line":3,"column":13},"end":{"line":11,"column":2}},"1":{"start":{"line":12,"column":13},"end":{"line":14,"column":null}}},"fnMap":{},"branchMap":{},"s":{"0":3,"1":3},"f":{},"b":{}}
}
