{"/Users/alain/projects/challenge/daily-trends/backend/src/infrastructure/di/health.composer.ts": {"path":"/Users/alain/projects/challenge/daily-trends/backend/src/infrastructure/di/health.composer.ts","statementMap":{"0":{"start":{"line":1,"column":0},"end":{"line":1,"column":96}},"1":{"start":{"line":2,"column":0},"end":{"line":2,"column":84}},"2":{"start":{"line":5,"column":20},"end":{"line":7,"column":6}},"3":{"start":{"line":4,"column":0},"end":{"line":4,"column":21}}},"fnMap":{"0":{"name":"(anonymous_0)","decl":{"start":{"line":4,"column":0},"end":{"line":4,"column":21}},"loc":{"start":{"line":4,"column":0},"end":{"line":8,"column":1}}}},"branchMap":{},"s":{"0":1,"1":1,"2":1,"3":1},"f":{"0":1},"b":{}}
,"/Users/alain/projects/challenge/daily-trends/backend/src/infrastructure/helpers/logger.ts": {"path":"/Users/alain/projects/challenge/daily-trends/backend/src/infrastructure/helpers/logger.ts","statementMap":{"0":{"start":{"line":1,"column":0},"end":{"line":1,"column":30}},"1":{"start":{"line":2,"column":39},"end":{"line":2,"column":53}},"2":{"start":{"line":7,"column":20},"end":{"line":11,"column":7}},"3":{"start":{"line":9,"column":12},"end":{"line":9,"column":75}},"4":{"start":{"line":10,"column":8},"end":{"line":10,"column":62}},"5":{"start":{"line":14,"column":8},"end":{"line":17,"column":11}},"6":{"start":{"line":21,"column":8},"end":{"line":21,"column":34}},"7":{"start":{"line":25,"column":8},"end":{"line":25,"column":35}},"8":{"start":{"line":29,"column":0},"end":{"line":29,"column":35}}},"fnMap":{"0":{"name":"(anonymous_1)","decl":{"start":{"line":13,"column":4},"end":{"line":13,"column":null}},"loc":{"start":{"line":13,"column":4},"end":{"line":18,"column":5}}},"1":{"name":"(anonymous_2)","decl":{"start":{"line":7,"column":36},"end":{"line":7,"column":37}},"loc":{"start":{"line":7,"column":75},"end":{"line":11,"column":5}}},"2":{"name":"(anonymous_3)","decl":{"start":{"line":20,"column":4},"end":{"line":20,"column":8}},"loc":{"start":{"line":20,"column":24},"end":{"line":22,"column":5}}},"3":{"name":"(anonymous_4)","decl":{"start":{"line":24,"column":4},"end":{"line":24,"column":9}},"loc":{"start":{"line":24,"column":25},"end":{"line":26,"column":5}}}},"branchMap":{"0":{"loc":{"start":{"line":9,"column":12},"end":{"line":9,"column":75}},"type":"cond-expr","locations":[{"start":{"line":9,"column":42},"end":{"line":9,"column":49}},{"start":{"line":9,"column":52},"end":{"line":9,"column":75}}]}},"s":{"0":1,"1":1,"2":1,"3":0,"4":0,"5":1,"6":1,"7":1,"8":1},"f":{"0":1,"1":0,"2":1,"3":1},"b":{"0":[0,0]}}
,"/Users/alain/projects/challenge/daily-trends/backend/src/presentation/rest/adapters/health/health.controllers.ts": {"path":"/Users/alain/projects/challenge/daily-trends/backend/src/presentation/rest/adapters/health/health.controllers.ts","statementMap":{"0":{"start":{"line":3,"column":0},"end":{"line":3,"column":79}},"1":{"start":{"line":6,"column":33},"end":{"line":6,"column":73}},"2":{"start":{"line":7,"column":8},"end":{"line":7,"column":55}},"3":{"start":{"line":11,"column":23},"end":{"line":11,"column":63}},"4":{"start":{"line":12,"column":8},"end":{"line":12,"column":37}},"5":{"start":{"line":5,"column":0},"end":{"line":5,"column":13}}},"fnMap":{"0":{"name":"(anonymous_7)","decl":{"start":{"line":6,"column":4},"end":{"line":6,"column":33}},"loc":{"start":{"line":6,"column":73},"end":{"line":8,"column":5}}},"1":{"name":"(anonymous_8)","decl":{"start":{"line":10,"column":10},"end":{"line":10,"column":19}},"loc":{"start":{"line":10,"column":48},"end":{"line":13,"column":null}}}},"branchMap":{},"s":{"0":3,"1":2,"2":2,"3":1,"4":1,"5":3},"f":{"0":2,"1":1},"b":{}}
,"/Users/alain/projects/challenge/daily-trends/backend/src/presentation/rest/adapters/health/health.routes.ts": {"path":"/Users/alain/projects/challenge/daily-trends/backend/src/presentation/rest/adapters/health/health.routes.ts","statementMap":{"0":{"start":{"line":1,"column":0},"end":{"line":1,"column":33}},"1":{"start":{"line":7,"column":33},"end":{"line":7,"column":73}},"2":{"start":{"line":6,"column":11},"end":{"line":6,"column":29}},"3":{"start":{"line":8,"column":8},"end":{"line":8,"column":55}},"4":{"start":{"line":9,"column":8},"end":{"line":9,"column":26}},"5":{"start":{"line":13,"column":8},"end":{"line":15,"column":10}},"6":{"start":{"line":14,"column":12},"end":{"line":14,"column":56}},"7":{"start":{"line":5,"column":0},"end":{"line":5,"column":21}}},"fnMap":{"0":{"name":"(anonymous_0)","decl":{"start":{"line":7,"column":4},"end":{"line":7,"column":33}},"loc":{"start":{"line":7,"column":73},"end":{"line":10,"column":5}}},"1":{"name":"(anonymous_1)","decl":{"start":{"line":12,"column":11},"end":{"line":12,"column":21}},"loc":{"start":{"line":12,"column":21},"end":{"line":16,"column":5}}},"2":{"name":"(anonymous_2)","decl":{"start":{"line":13,"column":36},"end":{"line":13,"column":37}},"loc":{"start":{"line":14,"column":12},"end":{"line":14,"column":56}}}},"branchMap":{},"s":{"0":1,"1":1,"2":1,"3":1,"4":1,"5":1,"6":1,"7":1},"f":{"0":1,"1":1,"2":1},"b":{}}
,"/Users/alain/projects/challenge/daily-trends/backend/src/presentation/rest/helpers/http-response.ts": {"path":"/Users/alain/projects/challenge/daily-trends/backend/src/presentation/rest/helpers/http-response.ts","statementMap":{"0":{"start":{"line":3,"column":31},"end":{"line":6,"column":1}},"1":{"start":{"line":4,"column":19},"end":{"line":4,"column":22}},"2":{"start":{"line":5,"column":4},"end":{"line":5,"column":40}},"3":{"start":{"line":3,"column":13},"end":{"line":3,"column":31}}},"fnMap":{"0":{"name":"(anonymous_0)","decl":{"start":{"line":3,"column":31},"end":{"line":3,"column":35}},"loc":{"start":{"line":3,"column":61},"end":{"line":6,"column":1}}}},"branchMap":{},"s":{"0":3,"1":1,"2":1,"3":3},"f":{"0":1},"b":{}}
,"/Users/alain/projects/challenge/daily-trends/backend/src/use-case/use-case.ts": {"path":"/Users/alain/projects/challenge/daily-trends/backend/src/use-case/use-case.ts","statementMap":{"0":{"start":{"line":1,"column":0},"end":{"line":1,"column":30}}},"fnMap":{},"branchMap":{},"s":{"0":4},"f":{},"b":{}}
,"/Users/alain/projects/challenge/daily-trends/backend/src/use-case/health/retrieve-health.use-case.ts": {"path":"/Users/alain/projects/challenge/daily-trends/backend/src/use-case/health/retrieve-health.use-case.ts","statementMap":{"0":{"start":{"line":2,"column":0},"end":{"line":2,"column":34}},"1":{"start":{"line":5,"column":14},"end":{"line":5,"column":62}},"2":{"start":{"line":8,"column":31},"end":{"line":10,"column":10}},"3":{"start":{"line":11,"column":8},"end":{"line":11,"column":39}},"4":{"start":{"line":4,"column":0},"end":{"line":4,"column":13}}},"fnMap":{"0":{"name":"(anonymous_8)","decl":{"start":{"line":4,"column":0},"end":{"line":4,"column":13}},"loc":{"start":{"line":4,"column":0},"end":{"line":13,"column":1}}},"1":{"name":"(anonymous_9)","decl":{"start":{"line":7,"column":10},"end":{"line":7,"column":17}},"loc":{"start":{"line":7,"column":17},"end":{"line":12,"column":null}}}},"branchMap":{},"s":{"0":4,"1":3,"2":1,"3":1,"4":4},"f":{"0":3,"1":1},"b":{}}
}
