TN:
SF:src/infrastructure/database/index.ts
FN:8,(anonymous_8)
FN:13,(anonymous_10)
FNF:2
FNH:2
FNDA:3,(anonymous_8)
FNDA:1,(anonymous_10)
DA:1,1
DA:2,1
DA:3,1
DA:9,3
DA:10,3
DA:14,1
DA:15,1
DA:16,1
DA:20,1
LF:9
LH:9
BRDA:9,0,0,1
BRF:1
BRH:1
end_of_record
TN:
SF:src/infrastructure/database/models/feed.model.ts
FNF:0
FNH:0
DA:1,1
DA:15,1
DA:25,1
LF:3
LH:3
BRF:0
BRH:0
end_of_record
TN:
SF:src/infrastructure/di/feed.composer.ts
FN:6,(anonymous_1)
FNF:1
FNH:1
FNDA:1,(anonymous_1)
DA:1,1
DA:2,1
DA:3,1
DA:4,1
DA:6,1
DA:7,1
DA:8,1
DA:9,1
DA:13,1
LF:9
LH:9
BRF:0
BRH:0
end_of_record
TN:
SF:src/infrastructure/di/health.composer.ts
FN:4,(anonymous_1)
FNF:1
FNH:1
FNDA:1,(anonymous_1)
DA:1,1
DA:2,1
DA:4,1
DA:5,1
LF:4
LH:4
BRF:0
BRH:0
end_of_record
TN:
SF:src/infrastructure/helpers/config.ts
FNF:0
FNH:0
DA:1,1
DA:3,1
DA:5,1
LF:3
LH:3
BRDA:6,0,0,1
BRDA:6,0,1,0
BRDA:6,1,0,1
BRDA:6,1,1,1
BRF:4
BRH:3
end_of_record
TN:
SF:src/infrastructure/repositories/feed.repository.ts
FN:6,(anonymous_8)
FN:11,(anonymous_10)
FN:15,(anonymous_12)
FN:19,(anonymous_14)
FN:23,(anonymous_16)
FN:30,(anonymous_18)
FNF:6
FNH:6
FNDA:1,(anonymous_8)
FNDA:1,(anonymous_10)
FNDA:1,(anonymous_12)
FNDA:1,(anonymous_14)
FNDA:1,(anonymous_16)
FNDA:1,(anonymous_18)
DA:2,1
DA:5,1
DA:7,1
DA:8,1
DA:12,1
DA:16,1
DA:20,1
DA:27,1
DA:31,1
LF:9
LH:9
BRF:0
BRH:0
end_of_record
TN:
SF:src/presentation/rest/adapters/feed/feed.controllers.ts
FN:7,(anonymous_7)
FN:11,(anonymous_8)
FN:17,(anonymous_10)
FN:24,(anonymous_12)
FN:30,(anonymous_14)
FN:36,(anonymous_16)
FNF:6
FNH:6
FNDA:5,(anonymous_7)
FNDA:1,(anonymous_8)
FNDA:1,(anonymous_10)
FNDA:1,(anonymous_12)
FNDA:1,(anonymous_14)
FNDA:1,(anonymous_16)
DA:3,1
DA:6,1
DA:7,5
DA:8,5
DA:12,1
DA:13,1
DA:14,1
DA:18,1
DA:19,1
DA:20,1
DA:21,1
DA:25,1
DA:26,1
DA:27,1
DA:31,1
DA:32,1
DA:33,1
DA:37,1
DA:38,1
DA:40,1
DA:41,1
LF:21
LH:21
BRF:0
BRH:0
end_of_record
TN:
SF:src/presentation/rest/adapters/feed/feed.routes.ts
FN:13,(anonymous_0)
FN:18,(anonymous_1)
FN:29,(anonymous_2)
FN:36,(anonymous_3)
FN:43,(anonymous_4)
FN:50,(anonymous_5)
FNF:6
FNH:6
FNDA:4,(anonymous_0)
FNDA:4,(anonymous_1)
FNDA:1,(anonymous_2)
FNDA:1,(anonymous_3)
FNDA:1,(anonymous_4)
FNDA:1,(anonymous_5)
DA:1,1
DA:4,1
DA:9,1
DA:11,1
DA:12,4
DA:13,4
DA:14,4
DA:15,4
DA:26,4
DA:30,1
DA:33,4
DA:37,1
DA:40,4
DA:44,1
DA:47,4
DA:51,1
LF:16
LH:16
BRF:0
BRH:0
end_of_record
TN:
SF:src/presentation/rest/adapters/feed/feed.schema.ts
FNF:0
FNH:0
DA:1,1
DA:3,1
DA:12,1
DA:16,1
DA:20,1
DA:25,1
LF:6
LH:6
BRF:0
BRH:0
end_of_record
TN:
SF:src/presentation/rest/adapters/health/health.controllers.ts
FN:6,(anonymous_7)
FN:10,(anonymous_8)
FNF:2
FNH:2
FNDA:1,(anonymous_7)
FNDA:1,(anonymous_8)
DA:3,1
DA:5,1
DA:6,1
DA:7,1
DA:11,1
DA:12,1
LF:6
LH:6
BRF:0
BRH:0
end_of_record
TN:
SF:src/presentation/rest/adapters/health/health.routes.ts
FN:7,(anonymous_0)
FN:12,(anonymous_1)
FN:13,(anonymous_2)
FNF:3
FNH:3
FNDA:1,(anonymous_0)
FNDA:1,(anonymous_1)
FNDA:1,(anonymous_2)
DA:1,1
DA:5,1
DA:6,1
DA:7,1
DA:8,1
DA:9,1
DA:13,1
DA:14,1
LF:8
LH:8
BRF:0
BRH:0
end_of_record
TN:
SF:src/presentation/rest/helpers/http-error.ts
FN:6,(anonymous_0)
FN:11,(anonymous_1)
FN:16,(anonymous_2)
FN:21,(anonymous_3)
FNF:4
FNH:4
FNDA:1,(anonymous_0)
FNDA:1,(anonymous_1)
FNDA:1,(anonymous_2)
FNDA:1,(anonymous_3)
DA:1,1
DA:6,1
DA:7,1
DA:8,1
DA:11,1
DA:12,1
DA:13,1
DA:16,1
DA:17,1
DA:18,1
DA:21,1
DA:22,1
DA:23,1
LF:13
LH:13
BRF:0
BRH:0
end_of_record
TN:
SF:src/presentation/rest/helpers/http-response.ts
FN:3,(anonymous_0)
FNF:1
FNH:1
FNDA:1,(anonymous_0)
DA:3,1
DA:4,1
DA:5,1
LF:3
LH:3
BRF:0
BRH:0
end_of_record
TN:
SF:src/presentation/rest/middlewares/validate.middleware.ts
FN:4,(anonymous_0)
FN:19,(anonymous_1)
FN:20,(anonymous_2)
FN:25,(anonymous_3)
FN:26,(anonymous_4)
FN:31,(anonymous_5)
FN:32,(anonymous_6)
FNF:7
FNH:7
FNDA:2,(anonymous_0)
FNDA:1,(anonymous_1)
FNDA:1,(anonymous_2)
FNDA:1,(anonymous_3)
FNDA:1,(anonymous_4)
FNDA:1,(anonymous_5)
FNDA:1,(anonymous_6)
DA:2,1
DA:4,1
DA:10,2
DA:12,2
DA:13,1
DA:15,1
DA:19,1
DA:20,1
DA:21,1
DA:25,1
DA:26,1
DA:27,1
DA:31,1
DA:32,1
DA:33,1
LF:15
LH:15
BRDA:12,0,0,1
BRDA:12,0,1,1
BRDA:13,1,0,0
BRDA:13,1,1,1
BRDA:13,2,0,1
BRDA:13,2,1,1
BRF:6
BRH:5
end_of_record
TN:
SF:src/use-case/feed.use-case.ts
FN:7,(anonymous_7)
FN:12,(anonymous_8)
FN:26,(anonymous_10)
FN:41,(anonymous_12)
FN:55,(anonymous_14)
FN:59,(anonymous_16)
FNF:6
FNH:6
FNDA:10,(anonymous_7)
FNDA:2,(anonymous_8)
FNDA:3,(anonymous_10)
FNDA:3,(anonymous_12)
FNDA:1,(anonymous_14)
FNDA:1,(anonymous_16)
DA:6,1
DA:8,10
DA:9,10
DA:13,2
DA:18,2
DA:19,1
DA:23,1
DA:27,3
DA:28,3
DA:29,1
DA:31,2
DA:33,2
DA:34,1
DA:38,1
DA:42,3
DA:43,3
DA:44,1
DA:46,2
DA:47,2
DA:48,1
DA:52,1
DA:56,1
DA:60,1
LF:23
LH:23
BRDA:18,0,0,1
BRDA:28,1,0,1
BRDA:33,2,0,1
BRDA:43,3,0,1
BRDA:47,4,0,1
BRF:5
BRH:5
end_of_record
TN:
SF:src/use-case/health.use-case.ts
FN:3,(anonymous_7)
FN:6,(anonymous_8)
FNF:2
FNH:2
FNDA:1,(anonymous_7)
FNDA:1,(anonymous_8)
DA:3,2
DA:4,1
DA:7,1
DA:10,1
LF:4
LH:4
BRF:0
BRH:0
end_of_record
TN:
SF:tests/constants.ts
FNF:0
FNH:0
DA:3,3
DA:12,3
LF:2
LH:2
BRF:0
BRH:0
end_of_record
