TN:
SF:src/infrastructure/di/health.composer.ts
FN:4,(anonymous_0)
FNF:1
FNH:1
FNDA:1,(anonymous_0)
DA:1,1
DA:2,1
DA:4,1
DA:5,1
LF:4
LH:4
BRF:0
BRH:0
end_of_record
TN:
SF:src/infrastructure/helpers/logger.ts
FN:13,(anonymous_1)
FN:7,(anonymous_2)
FN:20,(anonymous_3)
FN:24,(anonymous_4)
FNF:4
FNH:3
FNDA:1,(anonymous_1)
FNDA:0,(anonymous_2)
FNDA:1,(anonymous_3)
FNDA:1,(anonymous_4)
DA:1,1
DA:2,1
DA:7,1
DA:9,0
DA:10,0
DA:14,1
DA:21,1
DA:25,1
DA:29,1
LF:9
LH:7
BRDA:9,0,0,0
BRDA:9,0,1,0
BRF:2
BRH:0
end_of_record
TN:
SF:src/presentation/rest/adapters/health/health.controllers.ts
FN:6,(anonymous_7)
FN:10,(anonymous_8)
FNF:2
FNH:2
FNDA:2,(anonymous_7)
FNDA:1,(anonymous_8)
DA:3,3
DA:5,3
DA:6,2
DA:7,2
DA:11,1
DA:12,1
LF:6
LH:6
BRF:0
BRH:0
end_of_record
TN:
SF:src/presentation/rest/adapters/health/health.routes.ts
FN:7,(anonymous_0)
FN:12,(anonymous_1)
FN:13,(anonymous_2)
FNF:3
FNH:3
FNDA:1,(anonymous_0)
FNDA:1,(anonymous_1)
FNDA:1,(anonymous_2)
DA:1,1
DA:5,1
DA:6,1
DA:7,1
DA:8,1
DA:9,1
DA:13,1
DA:14,1
LF:8
LH:8
BRF:0
BRH:0
end_of_record
TN:
SF:src/presentation/rest/helpers/http-response.ts
FN:3,(anonymous_0)
FNF:1
FNH:1
FNDA:1,(anonymous_0)
DA:3,3
DA:4,1
DA:5,1
LF:3
LH:3
BRF:0
BRH:0
end_of_record
TN:
SF:src/use-case/use-case.ts
FNF:0
FNH:0
DA:1,4
LF:1
LH:1
BRF:0
BRH:0
end_of_record
TN:
SF:src/use-case/health/retrieve-health.use-case.ts
FN:4,(anonymous_8)
FN:7,(anonymous_9)
FNF:2
FNH:2
FNDA:3,(anonymous_8)
FNDA:1,(anonymous_9)
DA:2,4
DA:4,4
DA:5,3
DA:8,1
DA:11,1
LF:5
LH:5
BRF:0
BRH:0
end_of_record
